<?xml version="1.0" encoding="UTF-8"?>
<testsuite xmlns:xsi="http://www.w3.org/2001/XMLSchema-instance" xsi:noNamespaceSchemaLocation="https://maven.apache.org/surefire/maven-surefire-plugin/xsd/surefire-test-report-3.0.xsd" version="3.0" name="com.airconditioning.AirConditioningSystemTest" time="0.787" tests="2" errors="0" skipped="0" failures="0">
  <properties>
    <property name="sun.desktop" value="windows"/>
    <property name="awt.toolkit" value="sun.awt.windows.WToolkit"/>
    <property name="file.encoding.pkg" value="sun.io"/>
    <property name="java.specification.version" value="1.8"/>
    <property name="sun.cpu.isalist" value="amd64"/>
    <property name="sun.jnu.encoding" value="Cp1252"/>
    <property name="java.class.path" value="C:\Users\e090418\Documents\Project Github\TDD with JUnit5\target\test-classes;C:\Users\e090418\Documents\Project Github\TDD with JUnit5\target\classes;C:\jpt\m2\repo\org\junit\jupiter\junit-jupiter-engine\5.4.2\junit-jupiter-engine-5.4.2.jar;C:\jpt\m2\repo\org\apiguardian\apiguardian-api\1.0.0\apiguardian-api-1.0.0.jar;C:\jpt\m2\repo\org\junit\platform\junit-platform-engine\1.4.2\junit-platform-engine-1.4.2.jar;C:\jpt\m2\repo\org\jacoco\jacoco-maven-plugin\0.8.4\jacoco-maven-plugin-0.8.4.jar;C:\jpt\m2\repo\org\apache\maven\maven-plugin-api\3.0\maven-plugin-api-3.0.jar;C:\jpt\m2\repo\org\apache\maven\maven-model\3.0\maven-model-3.0.jar;C:\jpt\m2\repo\org\apache\maven\maven-artifact\3.0\maven-artifact-3.0.jar;C:\jpt\m2\repo\org\sonatype\sisu\sisu-inject-plexus\1.4.2\sisu-inject-plexus-1.4.2.jar;C:\jpt\m2\repo\org\sonatype\sisu\sisu-inject-bean\1.4.2\sisu-inject-bean-1.4.2.jar;C:\jpt\m2\repo\org\sonatype\sisu\sisu-guice\2.1.7\sisu-guice-2.1.7-noaop.jar;C:\jpt\m2\repo\org\apache\maven\maven-core\3.0\maven-core-3.0.jar;C:\jpt\m2\repo\org\apache\maven\maven-settings\3.0\maven-settings-3.0.jar;C:\jpt\m2\repo\org\apache\maven\maven-settings-builder\3.0\maven-settings-builder-3.0.jar;C:\jpt\m2\repo\org\apache\maven\maven-repository-metadata\3.0\maven-repository-metadata-3.0.jar;C:\jpt\m2\repo\org\apache\maven\maven-model-builder\3.0\maven-model-builder-3.0.jar;C:\jpt\m2\repo\org\apache\maven\maven-aether-provider\3.0\maven-aether-provider-3.0.jar;C:\jpt\m2\repo\org\sonatype\aether\aether-impl\1.7\aether-impl-1.7.jar;C:\jpt\m2\repo\org\sonatype\aether\aether-spi\1.7\aether-spi-1.7.jar;C:\jpt\m2\repo\org\sonatype\aether\aether-api\1.7\aether-api-1.7.jar;C:\jpt\m2\repo\org\sonatype\aether\aether-util\1.7\aether-util-1.7.jar;C:\jpt\m2\repo\org\codehaus\plexus\plexus-interpolation\1.14\plexus-interpolation-1.14.jar;C:\jpt\m2\repo\org\codehaus\plexus\plexus-classworlds\2.2.3\plexus-classworlds-2.2.3.jar;C:\jpt\m2\repo\org\codehaus\plexus\plexus-component-annotations\1.5.5\plexus-component-annotations-1.5.5.jar;C:\jpt\m2\repo\org\sonatype\plexus\plexus-sec-dispatcher\1.3\plexus-sec-dispatcher-1.3.jar;C:\jpt\m2\repo\org\sonatype\plexus\plexus-cipher\1.4\plexus-cipher-1.4.jar;C:\jpt\m2\repo\org\codehaus\plexus\plexus-utils\3.0.22\plexus-utils-3.0.22.jar;C:\jpt\m2\repo\org\apache\maven\shared\file-management\1.2.1\file-management-1.2.1.jar;C:\jpt\m2\repo\org\apache\maven\shared\maven-shared-io\1.1\maven-shared-io-1.1.jar;C:\jpt\m2\repo\org\apache\maven\maven-artifact-manager\2.0.2\maven-artifact-manager-2.0.2.jar;C:\jpt\m2\repo\org\apache\maven\wagon\wagon-provider-api\1.0-alpha-6\wagon-provider-api-1.0-alpha-6.jar;C:\jpt\m2\repo\org\codehaus\plexus\plexus-container-default\1.0-alpha-9\plexus-container-default-1.0-alpha-9.jar;C:\jpt\m2\repo\junit\junit\3.8.1\junit-3.8.1.jar;C:\jpt\m2\repo\classworlds\classworlds\1.1-alpha-2\classworlds-1.1-alpha-2.jar;C:\jpt\m2\repo\org\apache\maven\reporting\maven-reporting-api\3.0\maven-reporting-api-3.0.jar;C:\jpt\m2\repo\org\apache\maven\doxia\doxia-sink-api\1.0\doxia-sink-api-1.0.jar;C:\jpt\m2\repo\org\apache\maven\reporting\maven-reporting-impl\2.1\maven-reporting-impl-2.1.jar;C:\jpt\m2\repo\org\apache\maven\maven-project\2.0.10\maven-project-2.0.10.jar;C:\jpt\m2\repo\org\apache\maven\maven-profile\2.0.10\maven-profile-2.0.10.jar;C:\jpt\m2\repo\org\apache\maven\maven-plugin-registry\2.0.10\maven-plugin-registry-2.0.10.jar;C:\jpt\m2\repo\org\apache\maven\doxia\doxia-core\1.1.2\doxia-core-1.1.2.jar;C:\jpt\m2\repo\org\apache\maven\doxia\doxia-logging-api\1.1.2\doxia-logging-api-1.1.2.jar;C:\jpt\m2\repo\xerces\xercesImpl\2.8.1\xercesImpl-2.8.1.jar;C:\jpt\m2\repo\commons-lang\commons-lang\2.4\commons-lang-2.4.jar;C:\jpt\m2\repo\commons-httpclient\commons-httpclient\3.1\commons-httpclient-3.1.jar;C:\jpt\m2\repo\commons-codec\commons-codec\1.2\commons-codec-1.2.jar;C:\jpt\m2\repo\org\apache\maven\doxia\doxia-site-renderer\1.1.2\doxia-site-renderer-1.1.2.jar;C:\jpt\m2\repo\org\apache\maven\doxia\doxia-decoration-model\1.1.2\doxia-decoration-model-1.1.2.jar;C:\jpt\m2\repo\org\apache\maven\doxia\doxia-module-xhtml\1.1.2\doxia-module-xhtml-1.1.2.jar;C:\jpt\m2\repo\org\apache\maven\doxia\doxia-module-fml\1.1.2\doxia-module-fml-1.1.2.jar;C:\jpt\m2\repo\org\codehaus\plexus\plexus-i18n\1.0-beta-7\plexus-i18n-1.0-beta-7.jar;C:\jpt\m2\repo\org\codehaus\plexus\plexus-velocity\1.1.7\plexus-velocity-1.1.7.jar;C:\jpt\m2\repo\org\apache\velocity\velocity\1.5\velocity-1.5.jar;C:\jpt\m2\repo\commons-collections\commons-collections\3.2\commons-collections-3.2.jar;C:\jpt\m2\repo\commons-validator\commons-validator\1.2.0\commons-validator-1.2.0.jar;C:\jpt\m2\repo\commons-beanutils\commons-beanutils\1.7.0\commons-beanutils-1.7.0.jar;C:\jpt\m2\repo\commons-digester\commons-digester\1.6\commons-digester-1.6.jar;C:\jpt\m2\repo\commons-logging\commons-logging\1.0.4\commons-logging-1.0.4.jar;C:\jpt\m2\repo\oro\oro\2.0.8\oro-2.0.8.jar;C:\jpt\m2\repo\xml-apis\xml-apis\1.0.b2\xml-apis-1.0.b2.jar;C:\jpt\m2\repo\org\jacoco\org.jacoco.agent\0.8.4\org.jacoco.agent-0.8.4-runtime.jar;C:\jpt\m2\repo\org\jacoco\org.jacoco.core\0.8.4\org.jacoco.core-0.8.4.jar;C:\jpt\m2\repo\org\ow2\asm\asm\7.1\asm-7.1.jar;C:\jpt\m2\repo\org\ow2\asm\asm-commons\7.1\asm-commons-7.1.jar;C:\jpt\m2\repo\org\ow2\asm\asm-analysis\7.1\asm-analysis-7.1.jar;C:\jpt\m2\repo\org\ow2\asm\asm-tree\7.1\asm-tree-7.1.jar;C:\jpt\m2\repo\org\jacoco\org.jacoco.report\0.8.4\org.jacoco.report-0.8.4.jar;C:\jpt\m2\repo\org\junit\jupiter\junit-jupiter-params\5.5.0-M1\junit-jupiter-params-5.5.0-M1.jar;C:\jpt\m2\repo\org\junit\jupiter\junit-jupiter-api\5.5.0-M1\junit-jupiter-api-5.5.0-M1.jar;C:\jpt\m2\repo\org\opentest4j\opentest4j\1.1.1\opentest4j-1.1.1.jar;C:\jpt\m2\repo\org\junit\platform\junit-platform-commons\1.5.0-M1\junit-platform-commons-1.5.0-M1.jar;C:\jpt\m2\repo\org\mockito\mockito-core\2.27.0\mockito-core-2.27.0.jar;C:\jpt\m2\repo\net\bytebuddy\byte-buddy\1.9.10\byte-buddy-1.9.10.jar;C:\jpt\m2\repo\net\bytebuddy\byte-buddy-agent\1.9.10\byte-buddy-agent-1.9.10.jar;C:\jpt\m2\repo\org\objenesis\objenesis\2.6\objenesis-2.6.jar;C:\jpt\m2\repo\org\mockito\mockito-junit-jupiter\2.27.0\mockito-junit-jupiter-2.27.0.jar;"/>
    <property name="java.vm.vendor" value="Oracle Corporation"/>
    <property name="sun.arch.data.model" value="64"/>
    <property name="user.variant" value=""/>
    <property name="java.vendor.url" value="http://java.oracle.com/"/>
    <property name="user.timezone" value="America/Chicago"/>
    <property name="java.vm.specification.version" value="1.8"/>
    <property name="os.name" value="Windows 10"/>
    <property name="user.country" value="US"/>
    <property name="sun.java.launcher" value="SUN_STANDARD"/>
    <property name="sun.boot.library.path" value="C:\Program Files\Java\jdk1.8.0_172\jre\bin"/>
    <property name="sun.java.command" value="C:\Users\e090418\AppData\Local\Temp\surefire1335299490478543729\surefirebooter5026719412613111662.jar C:\Users\e090418\AppData\Local\Temp\surefire1335299490478543729 2019-05-23T08-42-09_977-jvmRun1 surefire8387639242573841109tmp surefire_04727255575105584157tmp"/>
    <property name="surefire.test.class.path" value="C:\Users\e090418\Documents\Project Github\TDD with JUnit5\target\test-classes;C:\Users\e090418\Documents\Project Github\TDD with JUnit5\target\classes;C:\jpt\m2\repo\org\junit\jupiter\junit-jupiter-engine\5.4.2\junit-jupiter-engine-5.4.2.jar;C:\jpt\m2\repo\org\apiguardian\apiguardian-api\1.0.0\apiguardian-api-1.0.0.jar;C:\jpt\m2\repo\org\junit\platform\junit-platform-engine\1.4.2\junit-platform-engine-1.4.2.jar;C:\jpt\m2\repo\org\jacoco\jacoco-maven-plugin\0.8.4\jacoco-maven-plugin-0.8.4.jar;C:\jpt\m2\repo\org\apache\maven\maven-plugin-api\3.0\maven-plugin-api-3.0.jar;C:\jpt\m2\repo\org\apache\maven\maven-model\3.0\maven-model-3.0.jar;C:\jpt\m2\repo\org\apache\maven\maven-artifact\3.0\maven-artifact-3.0.jar;C:\jpt\m2\repo\org\sonatype\sisu\sisu-inject-plexus\1.4.2\sisu-inject-plexus-1.4.2.jar;C:\jpt\m2\repo\org\sonatype\sisu\sisu-inject-bean\1.4.2\sisu-inject-bean-1.4.2.jar;C:\jpt\m2\repo\org\sonatype\sisu\sisu-guice\2.1.7\sisu-guice-2.1.7-noaop.jar;C:\jpt\m2\repo\org\apache\maven\maven-core\3.0\maven-core-3.0.jar;C:\jpt\m2\repo\org\apache\maven\maven-settings\3.0\maven-settings-3.0.jar;C:\jpt\m2\repo\org\apache\maven\maven-settings-builder\3.0\maven-settings-builder-3.0.jar;C:\jpt\m2\repo\org\apache\maven\maven-repository-metadata\3.0\maven-repository-metadata-3.0.jar;C:\jpt\m2\repo\org\apache\maven\maven-model-builder\3.0\maven-model-builder-3.0.jar;C:\jpt\m2\repo\org\apache\maven\maven-aether-provider\3.0\maven-aether-provider-3.0.jar;C:\jpt\m2\repo\org\sonatype\aether\aether-impl\1.7\aether-impl-1.7.jar;C:\jpt\m2\repo\org\sonatype\aether\aether-spi\1.7\aether-spi-1.7.jar;C:\jpt\m2\repo\org\sonatype\aether\aether-api\1.7\aether-api-1.7.jar;C:\jpt\m2\repo\org\sonatype\aether\aether-util\1.7\aether-util-1.7.jar;C:\jpt\m2\repo\org\codehaus\plexus\plexus-interpolation\1.14\plexus-interpolation-1.14.jar;C:\jpt\m2\repo\org\codehaus\plexus\plexus-classworlds\2.2.3\plexus-classworlds-2.2.3.jar;C:\jpt\m2\repo\org\codehaus\plexus\plexus-component-annotations\1.5.5\plexus-component-annotations-1.5.5.jar;C:\jpt\m2\repo\org\sonatype\plexus\plexus-sec-dispatcher\1.3\plexus-sec-dispatcher-1.3.jar;C:\jpt\m2\repo\org\sonatype\plexus\plexus-cipher\1.4\plexus-cipher-1.4.jar;C:\jpt\m2\repo\org\codehaus\plexus\plexus-utils\3.0.22\plexus-utils-3.0.22.jar;C:\jpt\m2\repo\org\apache\maven\shared\file-management\1.2.1\file-management-1.2.1.jar;C:\jpt\m2\repo\org\apache\maven\shared\maven-shared-io\1.1\maven-shared-io-1.1.jar;C:\jpt\m2\repo\org\apache\maven\maven-artifact-manager\2.0.2\maven-artifact-manager-2.0.2.jar;C:\jpt\m2\repo\org\apache\maven\wagon\wagon-provider-api\1.0-alpha-6\wagon-provider-api-1.0-alpha-6.jar;C:\jpt\m2\repo\org\codehaus\plexus\plexus-container-default\1.0-alpha-9\plexus-container-default-1.0-alpha-9.jar;C:\jpt\m2\repo\junit\junit\3.8.1\junit-3.8.1.jar;C:\jpt\m2\repo\classworlds\classworlds\1.1-alpha-2\classworlds-1.1-alpha-2.jar;C:\jpt\m2\repo\org\apache\maven\reporting\maven-reporting-api\3.0\maven-reporting-api-3.0.jar;C:\jpt\m2\repo\org\apache\maven\doxia\doxia-sink-api\1.0\doxia-sink-api-1.0.jar;C:\jpt\m2\repo\org\apache\maven\reporting\maven-reporting-impl\2.1\maven-reporting-impl-2.1.jar;C:\jpt\m2\repo\org\apache\maven\maven-project\2.0.10\maven-project-2.0.10.jar;C:\jpt\m2\repo\org\apache\maven\maven-profile\2.0.10\maven-profile-2.0.10.jar;C:\jpt\m2\repo\org\apache\maven\maven-plugin-registry\2.0.10\maven-plugin-registry-2.0.10.jar;C:\jpt\m2\repo\org\apache\maven\doxia\doxia-core\1.1.2\doxia-core-1.1.2.jar;C:\jpt\m2\repo\org\apache\maven\doxia\doxia-logging-api\1.1.2\doxia-logging-api-1.1.2.jar;C:\jpt\m2\repo\xerces\xercesImpl\2.8.1\xercesImpl-2.8.1.jar;C:\jpt\m2\repo\commons-lang\commons-lang\2.4\commons-lang-2.4.jar;C:\jpt\m2\repo\commons-httpclient\commons-httpclient\3.1\commons-httpclient-3.1.jar;C:\jpt\m2\repo\commons-codec\commons-codec\1.2\commons-codec-1.2.jar;C:\jpt\m2\repo\org\apache\maven\doxia\doxia-site-renderer\1.1.2\doxia-site-renderer-1.1.2.jar;C:\jpt\m2\repo\org\apache\maven\doxia\doxia-decoration-model\1.1.2\doxia-decoration-model-1.1.2.jar;C:\jpt\m2\repo\org\apache\maven\doxia\doxia-module-xhtml\1.1.2\doxia-module-xhtml-1.1.2.jar;C:\jpt\m2\repo\org\apache\maven\doxia\doxia-module-fml\1.1.2\doxia-module-fml-1.1.2.jar;C:\jpt\m2\repo\org\codehaus\plexus\plexus-i18n\1.0-beta-7\plexus-i18n-1.0-beta-7.jar;C:\jpt\m2\repo\org\codehaus\plexus\plexus-velocity\1.1.7\plexus-velocity-1.1.7.jar;C:\jpt\m2\repo\org\apache\velocity\velocity\1.5\velocity-1.5.jar;C:\jpt\m2\repo\commons-collections\commons-collections\3.2\commons-collections-3.2.jar;C:\jpt\m2\repo\commons-validator\commons-validator\1.2.0\commons-validator-1.2.0.jar;C:\jpt\m2\repo\commons-beanutils\commons-beanutils\1.7.0\commons-beanutils-1.7.0.jar;C:\jpt\m2\repo\commons-digester\commons-digester\1.6\commons-digester-1.6.jar;C:\jpt\m2\repo\commons-logging\commons-logging\1.0.4\commons-logging-1.0.4.jar;C:\jpt\m2\repo\oro\oro\2.0.8\oro-2.0.8.jar;C:\jpt\m2\repo\xml-apis\xml-apis\1.0.b2\xml-apis-1.0.b2.jar;C:\jpt\m2\repo\org\jacoco\org.jacoco.agent\0.8.4\org.jacoco.agent-0.8.4-runtime.jar;C:\jpt\m2\repo\org\jacoco\org.jacoco.core\0.8.4\org.jacoco.core-0.8.4.jar;C:\jpt\m2\repo\org\ow2\asm\asm\7.1\asm-7.1.jar;C:\jpt\m2\repo\org\ow2\asm\asm-commons\7.1\asm-commons-7.1.jar;C:\jpt\m2\repo\org\ow2\asm\asm-analysis\7.1\asm-analysis-7.1.jar;C:\jpt\m2\repo\org\ow2\asm\asm-tree\7.1\asm-tree-7.1.jar;C:\jpt\m2\repo\org\jacoco\org.jacoco.report\0.8.4\org.jacoco.report-0.8.4.jar;C:\jpt\m2\repo\org\junit\jupiter\junit-jupiter-params\5.5.0-M1\junit-jupiter-params-5.5.0-M1.jar;C:\jpt\m2\repo\org\junit\jupiter\junit-jupiter-api\5.5.0-M1\junit-jupiter-api-5.5.0-M1.jar;C:\jpt\m2\repo\org\opentest4j\opentest4j\1.1.1\opentest4j-1.1.1.jar;C:\jpt\m2\repo\org\junit\platform\junit-platform-commons\1.5.0-M1\junit-platform-commons-1.5.0-M1.jar;C:\jpt\m2\repo\org\mockito\mockito-core\2.27.0\mockito-core-2.27.0.jar;C:\jpt\m2\repo\net\bytebuddy\byte-buddy\1.9.10\byte-buddy-1.9.10.jar;C:\jpt\m2\repo\net\bytebuddy\byte-buddy-agent\1.9.10\byte-buddy-agent-1.9.10.jar;C:\jpt\m2\repo\org\objenesis\objenesis\2.6\objenesis-2.6.jar;C:\jpt\m2\repo\org\mockito\mockito-junit-jupiter\2.27.0\mockito-junit-jupiter-2.27.0.jar;"/>
    <property name="sun.cpu.endian" value="little"/>
    <property name="user.home" value="C:\Users\e090418"/>
    <property name="user.language" value="en"/>
    <property name="java.specification.vendor" value="Oracle Corporation"/>
    <property name="java.home" value="C:\Program Files\Java\jdk1.8.0_172\jre"/>
    <property name="basedir" value="C:\Users\e090418\Documents\Project Github\TDD with JUnit5"/>
    <property name="file.separator" value="\"/>
    <property name="line.separator" value="&#10;"/>
    <property name="java.vm.specification.vendor" value="Oracle Corporation"/>
    <property name="java.specification.name" value="Java Platform API Specification"/>
    <property name="java.awt.graphicsenv" value="sun.awt.Win32GraphicsEnvironment"/>
    <property name="surefire.real.class.path" value="C:\Users\e090418\AppData\Local\Temp\surefire1335299490478543729\surefirebooter5026719412613111662.jar;C:\\jpt\\m2\\repo\\org\\jacoco\\org.jacoco.agent\\0.8.4\\org.jacoco.agent-0.8.4-runtime.jar"/>
    <property name="sun.boot.class.path" value="C:\Program Files\Java\jdk1.8.0_172\jre\lib\resources.jar;C:\Program Files\Java\jdk1.8.0_172\jre\lib\rt.jar;C:\Program Files\Java\jdk1.8.0_172\jre\lib\sunrsasign.jar;C:\Program Files\Java\jdk1.8.0_172\jre\lib\jsse.jar;C:\Program Files\Java\jdk1.8.0_172\jre\lib\jce.jar;C:\Program Files\Java\jdk1.8.0_172\jre\lib\charsets.jar;C:\Program Files\Java\jdk1.8.0_172\jre\lib\jfr.jar;C:\Program Files\Java\jdk1.8.0_172\jre\classes"/>
    <property name="user.script" value=""/>
    <property name="sun.management.compiler" value="HotSpot 64-Bit Tiered Compilers"/>
    <property name="java.runtime.version" value="1.8.0_172-b11"/>
    <property name="user.name" value="e090418"/>
    <property name="path.separator" value=";"/>
    <property name="os.version" value="10.0"/>
    <property name="java.endorsed.dirs" value="C:\Program Files\Java\jdk1.8.0_172\jre\lib\endorsed"/>
    <property name="java.runtime.name" value="Java(TM) SE Runtime Environment"/>
    <property name="file.encoding" value="Cp1252"/>
    <property name="java.vm.name" value="Java HotSpot(TM) 64-Bit Server VM"/>
    <property name="localRepository" value="C:\jpt\m2\repo"/>
    <property name="java.vendor.url.bug" value="http://bugreport.sun.com/bugreport/"/>
    <property name="java.io.tmpdir" value="C:\Users\e090418\AppData\Local\Temp\"/>
    <property name="java.version" value="1.8.0_172"/>
    <property name="user.dir" value="C:\Users\e090418\Documents\Project Github\TDD with JUnit5"/>
    <property name="os.arch" value="amd64"/>
    <property name="java.vm.specification.name" value="Java Virtual Machine Specification"/>
    <property name="java.awt.printerjob" value="sun.awt.windows.WPrinterJob"/>
    <property name="idea.version2019.1.2" value="true"/>
    <property name="sun.os.patch.level" value=""/>
    <property name="java.library.path" value="C:\Program Files\Java\jdk1.8.0_172\jre\bin;C:\WINDOWS\Sun\Java\bin;C:\WINDOWS\system32;C:\WINDOWS;C:\ProgramData\DockerDesktop\version-bin;C:\Program Files\Docker\Docker\Resources\bin;C:\Program Files (x86)\Common Files\Oracle\Java\javapath;C:\WINDOWS\system32;C:\WINDOWS;C:\WINDOWS\System32\Wbem;C:\WINDOWS\System32\WindowsPowerShell\v1.0\;C:\WINDOWS\System32\OpenSSH\;C:\Program Files (x86)\Plantronics\Spokes3G\;C:\Program Files\PuTTY\;C:\Users\e090418\AppData\Roaming\nvm;C:\Program Files\nodejs;C:\Program Files\Git\cmd;C:\Users\e090418\AppData\Local\Microsoft\WindowsApps;C:\Users\e090418\AppData\Roaming\nvm;C:\Program Files\nodejs;."/>
    <property name="java.vm.info" value="mixed mode"/>
    <property name="java.vendor" value="Oracle Corporation"/>
    <property name="java.vm.version" value="25.172-b11"/>
    <property name="java.ext.dirs" value="C:\Program Files\Java\jdk1.8.0_172\jre\lib\ext;C:\WINDOWS\Sun\Java\lib\ext"/>
    <property name="sun.io.unicode.encoding" value="UnicodeLittle"/>
    <property name="java.class.version" value="52.0"/>
  </properties>
  <testcase name="testAirConditionedSystemStarted" classname="com.airconditioning.AirConditioningSystemTest" time="0.78"/>
  <testcase name="testAirConditionedSystemStopped" classname="com.airconditioning.AirConditioningSystemTest" time="0.002"/>
</testsuite>